<?xml version="1.0" encoding="UTF-8"?>
<!-- Generated by org.testng.reporters.JUnitReportReporter -->
<testsuite skipped="0" hostname="X390" name="first.AllEelementsclick" tests="1" failures="0" timestamp="2020-12-02T21:30:46 EST" time="50.700" errors="0">
  <testcase name="url" time="50.700" classname="first.AllEelementsclick"/>
  <system-out/>
</testsuite> <!-- first.AllEelementsclick -->
