<?xml version="1.0" encoding="UTF-8"?>
<!-- Generated by org.testng.reporters.JUnitReportReporter -->
<testsuite skipped="0" hostname="X390" name="first.threeLesson" tests="1" failures="0" timestamp="2020-11-23T21:10:49 EST" time="8.987" errors="0">
  <testcase name="url" time="8.987" classname="first.threeLesson"/>
  <system-out/>
</testsuite> <!-- first.threeLesson -->
